<?xml version="1.0" encoding="UTF-8"?>
<coverage generated="1784259844423" clover="3.2.0">
  <project timestamp="1784259844423" name="All files">
    <metrics statements="21" coveredstatements="15" conditionals="38" coveredconditionals="17" methods="5" coveredmethods="3" elements="64" coveredelements="35" complexity="0" loc="21" ncloc="21" packages="1" files="2" classes="2"/>
    <file name="germinacionAlertas.ts" path="C:\Users\LENOVO\Desktop\ProyectoCafe\SGTC_Fronted\test\tabla\germinacionAlertas.ts">
      <metrics statements="8" coveredstatements="8" conditionals="8" coveredconditionals="5" methods="1" coveredmethods="1"/>
      <line num="15" count="1" type="stmt"/>
      <line num="18" count="1" type="cond" truecount="1" falsecount="1"/>
      <line num="19" count="1" type="stmt"/>
      <line num="26" count="1" type="cond" truecount="1" falsecount="1"/>
      <line num="27" count="1" type="stmt"/>
      <line num="34" count="1" type="cond" truecount="3" falsecount="1"/>
      <line num="35" count="1" type="stmt"/>
      <line num="41" count="1" type="stmt"/>
    </file>
    <file name="sembradoMetricasService.ts" path="C:\Users\LENOVO\Desktop\ProyectoCafe\SGTC_Fronted\test\tabla\sembradoMetricasService.ts">
      <metrics statements="13" coveredstatements="7" conditionals="30" coveredconditionals="12" methods="4" coveredmethods="2"/>
      <line num="1" count="1" type="stmt"/>
      <line num="3" count="0" type="cond" truecount="0" falsecount="5"/>
      <line num="4" count="0" type="stmt"/>
      <line num="5" count="0" type="cond" truecount="0" falsecount="3"/>
      <line num="9" count="1" type="cond" truecount="4" falsecount="1"/>
      <line num="10" count="1" type="stmt"/>
      <line num="11" count="1" type="cond" truecount="2" falsecount="0"/>
      <line num="15" count="0" type="cond" truecount="0" falsecount="5"/>
      <line num="16" count="0" type="stmt"/>
      <line num="17" count="0" type="cond" truecount="0" falsecount="3"/>
      <line num="22" count="1" type="cond" truecount="4" falsecount="1"/>
      <line num="23" count="1" type="stmt"/>
      <line num="24" count="1" type="cond" truecount="2" falsecount="0"/>
    </file>
  </project>
</coverage>
