{"C:\\Users\\LENOVO\\Desktop\\ProyectoCafe\\SGTC_Fronted\\test\\tabla\\germinacionAlertas.ts": {"path":"C:\\Users\\LENOVO\\Desktop\\ProyectoCafe\\SGTC_Fronted\\test\\tabla\\germinacionAlertas.ts","statementMap":{"0":{"start":{"line":15,"column":33},"end":{"line":15,"column":35}},"1":{"start":{"line":18,"column":2},"end":{"line":23,"column":3}},"2":{"start":{"line":19,"column":4},"end":{"line":22,"column":7}},"3":{"start":{"line":26,"column":2},"end":{"line":31,"column":3}},"4":{"start":{"line":27,"column":4},"end":{"line":30,"column":7}},"5":{"start":{"line":34,"column":2},"end":{"line":39,"column":3}},"6":{"start":{"line":35,"column":4},"end":{"line":38,"column":7}},"7":{"start":{"line":41,"column":2},"end":{"line":41,"column":22}}},"fnMap":{"0":{"name":"getAlertasGerminacion","decl":{"start":{"line":14,"column":16},"end":{"line":14,"column":37}},"loc":{"start":{"line":14,"column":66},"end":{"line":42,"column":1}},"line":14}},"branchMap":{"0":{"loc":{"start":{"line":18,"column":2},"end":{"line":23,"column":3}},"type":"if","locations":[{"start":{"line":18,"column":2},"end":{"line":23,"column":3}},{"start":{},"end":{}}],"line":18},"1":{"loc":{"start":{"line":26,"column":2},"end":{"line":31,"column":3}},"type":"if","locations":[{"start":{"line":26,"column":2},"end":{"line":31,"column":3}},{"start":{},"end":{}}],"line":26},"2":{"loc":{"start":{"line":34,"column":2},"end":{"line":39,"column":3}},"type":"if","locations":[{"start":{"line":34,"column":2},"end":{"line":39,"column":3}},{"start":{},"end":{}}],"line":34},"3":{"loc":{"start":{"line":34,"column":6},"end":{"line":34,"column":72}},"type":"binary-expr","locations":[{"start":{"line":34,"column":6},"end":{"line":34,"column":30}},{"start":{"line":34,"column":34},"end":{"line":34,"column":72}}],"line":34}},"s":{"0":1,"1":1,"2":1,"3":1,"4":1,"5":1,"6":1,"7":1},"f":{"0":1},"b":{"0":[1,0],"1":[1,0],"2":[1,0],"3":[1,1]},"_coverageSchema":"1a1c01bbd47fc00a2c39e90264f33305004495a9","hash":"1c189ac05f932102bf4068d981521a3f467304c5"}
,"C:\\Users\\LENOVO\\Desktop\\ProyectoCafe\\SGTC_Fronted\\test\\tabla\\sembradoMetricasService.ts": {"path":"C:\\Users\\LENOVO\\Desktop\\ProyectoCafe\\SGTC_Fronted\\test\\tabla\\sembradoMetricasService.ts","statementMap":{"0":{"start":{"line":1,"column":39},"end":{"line":26,"column":1}},"1":{"start":{"line":3,"column":4},"end":{"line":3,"column":76}},"2":{"start":{"line":3,"column":63},"end":{"line":3,"column":76}},"3":{"start":{"line":4,"column":16},"end":{"line":4,"column":29}},"4":{"start":{"line":5,"column":4},"end":{"line":5,"column":59}},"5":{"start":{"line":9,"column":4},"end":{"line":9,"column":73}},"6":{"start":{"line":9,"column":60},"end":{"line":9,"column":73}},"7":{"start":{"line":10,"column":16},"end":{"line":10,"column":28}},"8":{"start":{"line":11,"column":4},"end":{"line":11,"column":35}},"9":{"start":{"line":15,"column":4},"end":{"line":15,"column":76}},"10":{"start":{"line":15,"column":63},"end":{"line":15,"column":76}},"11":{"start":{"line":16,"column":16},"end":{"line":16,"column":29}},"12":{"start":{"line":17,"column":4},"end":{"line":17,"column":58}},"13":{"start":{"line":22,"column":4},"end":{"line":22,"column":73}},"14":{"start":{"line":22,"column":60},"end":{"line":22,"column":73}},"15":{"start":{"line":23,"column":16},"end":{"line":23,"column":28}},"16":{"start":{"line":24,"column":4},"end":{"line":24,"column":35}}},"fnMap":{"0":{"name":"(anonymous_0)","decl":{"start":{"line":2,"column":2},"end":{"line":2,"column":3}},"loc":{"start":{"line":2,"column":46},"end":{"line":6,"column":3}},"line":2},"1":{"name":"(anonymous_1)","decl":{"start":{"line":8,"column":2},"end":{"line":8,"column":3}},"loc":{"start":{"line":8,"column":47},"end":{"line":12,"column":3}},"line":8},"2":{"name":"(anonymous_2)","decl":{"start":{"line":14,"column":2},"end":{"line":14,"column":3}},"loc":{"start":{"line":14,"column":45},"end":{"line":18,"column":3}},"line":14},"3":{"name":"(anonymous_3)","decl":{"start":{"line":21,"column":2},"end":{"line":21,"column":3}},"loc":{"start":{"line":21,"column":45},"end":{"line":25,"column":3}},"line":21}},"branchMap":{"0":{"loc":{"start":{"line":3,"column":4},"end":{"line":3,"column":76}},"type":"if","locations":[{"start":{"line":3,"column":4},"end":{"line":3,"column":76}},{"start":{},"end":{}}],"line":3},"1":{"loc":{"start":{"line":3,"column":8},"end":{"line":3,"column":61}},"type":"binary-expr","locations":[{"start":{"line":3,"column":8},"end":{"line":3,"column":27}},{"start":{"line":3,"column":31},"end":{"line":3,"column":45}},{"start":{"line":3,"column":49},"end":{"line":3,"column":61}}],"line":3},"2":{"loc":{"start":{"line":5,"column":11},"end":{"line":5,"column":58}},"type":"binary-expr","locations":[{"start":{"line":5,"column":11},"end":{"line":5,"column":32}},{"start":{"line":5,"column":36},"end":{"line":5,"column":44}},{"start":{"line":5,"column":48},"end":{"line":5,"column":58}}],"line":5},"3":{"loc":{"start":{"line":9,"column":4},"end":{"line":9,"column":73}},"type":"if","locations":[{"start":{"line":9,"column":4},"end":{"line":9,"column":73}},{"start":{},"end":{}}],"line":9},"4":{"loc":{"start":{"line":9,"column":8},"end":{"line":9,"column":58}},"type":"binary-expr","locations":[{"start":{"line":9,"column":8},"end":{"line":9,"column":26}},{"start":{"line":9,"column":30},"end":{"line":9,"column":43}},{"start":{"line":9,"column":47},"end":{"line":9,"column":58}}],"line":9},"5":{"loc":{"start":{"line":11,"column":11},"end":{"line":11,"column":34}},"type":"binary-expr","locations":[{"start":{"line":11,"column":11},"end":{"line":11,"column":22}},{"start":{"line":11,"column":26},"end":{"line":11,"column":34}}],"line":11},"6":{"loc":{"start":{"line":15,"column":4},"end":{"line":15,"column":76}},"type":"if","locations":[{"start":{"line":15,"column":4},"end":{"line":15,"column":76}},{"start":{},"end":{}}],"line":15},"7":{"loc":{"start":{"line":15,"column":8},"end":{"line":15,"column":61}},"type":"binary-expr","locations":[{"start":{"line":15,"column":8},"end":{"line":15,"column":27}},{"start":{"line":15,"column":31},"end":{"line":15,"column":45}},{"start":{"line":15,"column":49},"end":{"line":15,"column":61}}],"line":15},"8":{"loc":{"start":{"line":17,"column":11},"end":{"line":17,"column":57}},"type":"binary-expr","locations":[{"start":{"line":17,"column":11},"end":{"line":17,"column":32}},{"start":{"line":17,"column":36},"end":{"line":17,"column":44}},{"start":{"line":17,"column":48},"end":{"line":17,"column":57}}],"line":17},"9":{"loc":{"start":{"line":22,"column":4},"end":{"line":22,"column":73}},"type":"if","locations":[{"start":{"line":22,"column":4},"end":{"line":22,"column":73}},{"start":{},"end":{}}],"line":22},"10":{"loc":{"start":{"line":22,"column":8},"end":{"line":22,"column":58}},"type":"binary-expr","locations":[{"start":{"line":22,"column":8},"end":{"line":22,"column":26}},{"start":{"line":22,"column":30},"end":{"line":22,"column":43}},{"start":{"line":22,"column":47},"end":{"line":22,"column":58}}],"line":22},"11":{"loc":{"start":{"line":24,"column":11},"end":{"line":24,"column":34}},"type":"binary-expr","locations":[{"start":{"line":24,"column":11},"end":{"line":24,"column":22}},{"start":{"line":24,"column":26},"end":{"line":24,"column":34}}],"line":24}},"s":{"0":1,"1":0,"2":0,"3":0,"4":0,"5":1,"6":0,"7":1,"8":1,"9":0,"10":0,"11":0,"12":0,"13":1,"14":0,"15":1,"16":1},"f":{"0":0,"1":1,"2":0,"3":1},"b":{"0":[0,0],"1":[0,0,0],"2":[0,0,0],"3":[0,1],"4":[1,1,1],"5":[1,1],"6":[0,0],"7":[0,0,0],"8":[0,0,0],"9":[0,1],"10":[1,1,1],"11":[1,1]},"_coverageSchema":"1a1c01bbd47fc00a2c39e90264f33305004495a9","hash":"38f0cf9f232048cbc2eccf1aa27c67374f2ca42c"}
}
