TN:
SF:germinacionAlertas.ts
FN:14,getAlertasGerminacion
FNF:1
FNH:1
FNDA:1,getAlertasGerminacion
DA:15,1
DA:18,1
DA:19,1
DA:26,1
DA:27,1
DA:34,1
DA:35,1
DA:41,1
LF:8
LH:8
BRDA:18,0,0,1
BRDA:18,0,1,0
BRDA:26,1,0,1
BRDA:26,1,1,0
BRDA:34,2,0,1
BRDA:34,2,1,0
BRDA:34,3,0,1
BRDA:34,3,1,1
BRF:8
BRH:5
end_of_record
TN:
SF:sembradoMetricasService.ts
FN:2,(anonymous_0)
FN:8,(anonymous_1)
FN:14,(anonymous_2)
FN:21,(anonymous_3)
FNF:4
FNH:2
FNDA:0,(anonymous_0)
FNDA:1,(anonymous_1)
FNDA:0,(anonymous_2)
FNDA:1,(anonymous_3)
DA:1,1
DA:3,0
DA:4,0
DA:5,0
DA:9,1
DA:10,1
DA:11,1
DA:15,0
DA:16,0
DA:17,0
DA:22,1
DA:23,1
DA:24,1
LF:13
LH:7
BRDA:3,0,0,0
BRDA:3,0,1,0
BRDA:3,1,0,0
BRDA:3,1,1,0
BRDA:3,1,2,0
BRDA:5,2,0,0
BRDA:5,2,1,0
BRDA:5,2,2,0
BRDA:9,3,0,0
BRDA:9,3,1,1
BRDA:9,4,0,1
BRDA:9,4,1,1
BRDA:9,4,2,1
BRDA:11,5,0,1
BRDA:11,5,1,1
BRDA:15,6,0,0
BRDA:15,6,1,0
BRDA:15,7,0,0
BRDA:15,7,1,0
BRDA:15,7,2,0
BRDA:17,8,0,0
BRDA:17,8,1,0
BRDA:17,8,2,0
BRDA:22,9,0,0
BRDA:22,9,1,1
BRDA:22,10,0,1
BRDA:22,10,1,1
BRDA:22,10,2,1
BRDA:24,11,0,1
BRDA:24,11,1,1
BRF:30
BRH:12
end_of_record
